<?xml version="1.0" encoding="UTF-8"?>
<testsuite name="runners.GoogleTestRunner" tests="2" skipped="0" failures="0" errors="0" timestamp="2022-04-09T16:21:52" hostname="mint" time="15.065">
  <properties/>
  <testcase name="searchGoogleByKeyword[0](automation testing)" classname="runners.GoogleTestRunner" time="3.368"/>
  <testcase name="searchGoogleByKeyword[1](quality assurance)" classname="runners.GoogleTestRunner" time="3.964"/>
  <system-out><![CDATA[18:21:53.609 [Test worker] INFO  runners.GoogleTestRunner - Navigate to: https://google.com
18:21:53.860 [Test worker] INFO  runners.GoogleTestRunner - Search by keyword: automation testing
18:21:53.861 [Test worker] INFO  runners.GoogleTestRunner - Fetching results
SHORT DESC SIZE =========================== 8
SHORT DESC SIZE =========================== 8
SHORT DESC SIZE =========================== 8
SHORT DESC SIZE =========================== 8
SHORT DESC SIZE =========================== 8
SHORT DESC SIZE =========================== 8
SHORT DESC SIZE =========================== 8
SHORT DESC SIZE =========================== 8
SHORT DESC SIZE =========================== 8
18:21:55.667 [Test worker] INFO  runners.GoogleTestRunner - Website Title: What is automation testing?
18:21:55.668 [Test worker] INFO  runners.GoogleTestRunner - Website Url: https://www.globalapptesting.com 
18:21:55.668 [Test worker] INFO  runners.GoogleTestRunner - Short Description: No description available.
18:21:55.668 [Test worker] INFO  runners.GoogleTestRunner - Website Title: Automation Testing Tutorial - Guru99
18:21:55.668 [Test worker] INFO  runners.GoogleTestRunner - Website Url: https://www.guru99.com 
18:21:55.669 [Test worker] INFO  runners.GoogleTestRunner - Short Description: пре 6 дана — Automation testing is a Software testing technique to test and compare the actual outcome with the expected outcome. This can be achieved by ...
18:21:55.669 [Test worker] INFO  runners.GoogleTestRunner - Website Title: What is Automation Testing (Ultimate Guide to Start Test ...
18:21:55.669 [Test worker] INFO  runners.GoogleTestRunner - Website Url: https://www.softwaretestinghelp.com 
18:21:55.670 [Test worker] INFO  runners.GoogleTestRunner - Short Description: In software testing, test automation is the use of software separate from the software being tested to control the execution of tests and the comparison of ...
18:21:55.670 [Test worker] INFO  runners.GoogleTestRunner - Website Title: Test automation - Wikipedia
18:21:55.670 [Test worker] INFO  runners.GoogleTestRunner - Website Url: https://en.wikipedia.org 
18:21:55.671 [Test worker] INFO  runners.GoogleTestRunner - Short Description: Automated testing is done through an automation tool, so more time can be spent on higher value tasks, such as exploratory tests while automating time-consuming ...
18:21:55.671 [Test worker] INFO  runners.GoogleTestRunner - Website Title: What is Test Automation? Automated Testing 101 | SmartBear
18:21:55.671 [Test worker] INFO  runners.GoogleTestRunner - Website Url: https://smartbear.com 
18:21:55.671 [Test worker] INFO  runners.GoogleTestRunner - Short Description: 26. 3. 2020. — An automation developer is actually a software developer. Thus, the basic thing you should learn first is some kind of a programming language ...
18:21:55.672 [Test worker] INFO  runners.GoogleTestRunner - Website Title: Automation Testing for Beginners - The Ultimate Guide
18:21:55.672 [Test worker] INFO  runners.GoogleTestRunner - Website Url: https://blog.testproject.io 
18:21:55.672 [Test worker] INFO  runners.GoogleTestRunner - Short Description: Automated testing is the application of software tools to automate a human-driven manual process of reviewing and validating a software product. Most modern ...
18:21:55.672 [Test worker] INFO  runners.GoogleTestRunner - Website Title: Automated software testing for continuous delivery - Atlassian
18:21:55.673 [Test worker] INFO  runners.GoogleTestRunner - Website Url: https://www.atlassian.com 
18:21:55.673 [Test worker] INFO  runners.GoogleTestRunner - Short Description: 14. 10. 2021. — As the name suggests. automation testing takes software testing activities and executes them via an automation toolset or framework.
18:21:55.673 [Test worker] INFO  runners.GoogleTestRunner - Website Title: Automation Testing Tutorial: Getting Started | BrowserStack
18:21:55.673 [Test worker] INFO  runners.GoogleTestRunner - Website Url: https://www.browserstack.com 
18:21:55.674 [Test worker] INFO  runners.GoogleTestRunner - Short Description: 16. 9. 2020. — Test automation is the process of leveraging automation tools to maintain test data, execute tests, and analyze test results to improve software ...
18:21:55.674 [Test worker] INFO  runners.GoogleTestRunner - Website Title: What is Test Automation? | Tutorial, Tools | Perfecto
18:21:55.674 [Test worker] INFO  runners.GoogleTestRunner - Website Url: https://www.perfecto.io 
18:21:55.675 [Test worker] INFO  runners.GoogleTestRunner - Short Description: No description available.
18:22:04.856 [Test worker] INFO  runners.GoogleTestRunner - Navigate to: https://google.com
18:22:05.204 [Test worker] INFO  runners.GoogleTestRunner - Search by keyword: quality assurance
18:22:05.204 [Test worker] INFO  runners.GoogleTestRunner - Fetching results
SHORT DESC SIZE =========================== 8
SHORT DESC SIZE =========================== 8
SHORT DESC SIZE =========================== 8
SHORT DESC SIZE =========================== 8
SHORT DESC SIZE =========================== 8
SHORT DESC SIZE =========================== 8
SHORT DESC SIZE =========================== 8
SHORT DESC SIZE =========================== 8
SHORT DESC SIZE =========================== 8
18:22:07.363 [Test worker] INFO  runners.GoogleTestRunner - Website Title: What is Quality Assurance? - Definition from WhatIs.com
18:22:07.364 [Test worker] INFO  runners.GoogleTestRunner - Website Url: https://www.techtarget.com 
18:22:07.364 [Test worker] INFO  runners.GoogleTestRunner - Short Description: No description available.
18:22:07.364 [Test worker] INFO  runners.GoogleTestRunner - Website Title: Quality assurance - Wikipedia
18:22:07.364 [Test worker] INFO  runners.GoogleTestRunner - Website Url: https://en.wikipedia.org 
18:22:07.364 [Test worker] INFO  runners.GoogleTestRunner - Short Description: Quality assurance can be defined as "part of quality management focused on providing confidence that quality requirements will be fulfilled." The confidence ...
18:22:07.364 [Test worker] INFO  runners.GoogleTestRunner - Website Title: Quality Assurance vs Quality Control: Definitions & Differences
18:22:07.364 [Test worker] INFO  runners.GoogleTestRunner - Website Url: https://asq.org 
18:22:07.365 [Test worker] INFO  runners.GoogleTestRunner - Short Description: 19. 2. 2022. — Quality Assurance is to check whether the product developed is fit for use. For that, Organization should have processes and standards to be ...
18:22:07.365 [Test worker] INFO  runners.GoogleTestRunner - Website Title: What is Quality Assurance(QA)? Process, Methods, Examples
18:22:07.365 [Test worker] INFO  runners.GoogleTestRunner - Website Url: https://www.guru99.com 
18:22:07.365 [Test worker] INFO  runners.GoogleTestRunner - Short Description: The purpose of QA is to prevent defects from entering into the solution in the first place. In other words, QA is a pro-active management practice that is used ...
18:22:07.365 [Test worker] INFO  runners.GoogleTestRunner - Website Title: The Difference Between Quality Assurance and Quality Control
18:22:07.365 [Test worker] INFO  runners.GoogleTestRunner - Website Url: https://www.dialog.com.au 
18:22:07.365 [Test worker] INFO  runners.GoogleTestRunner - Short Description: 2. 7. 2020. — Quality assurance (QA) is the act or process of confirming that a firm's quality requirements are being met. Managing the quality of ...
18:22:07.365 [Test worker] INFO  runners.GoogleTestRunner - Website Title: Quality Assurance: What Is It? - The Balance Small Business
18:22:07.366 [Test worker] INFO  runners.GoogleTestRunner - Website Url: https://www.thebalancesmb.com 
18:22:07.366 [Test worker] INFO  runners.GoogleTestRunner - Short Description: Quality Assurance poslovi, konkursi i slobodna radna mesta. Veliki izbor poslova, odaberite najbolji i pošaljite CV direktno sa našeg sajta!
18:22:07.366 [Test worker] INFO  runners.GoogleTestRunner - Website Title: Quality Assurance oglasi za posao i konkursi | HelloWorld.rs
18:22:07.369 [Test worker] INFO  runners.GoogleTestRunner - Website Url: https://www.helloworld.rs 
18:22:07.370 [Test worker] INFO  runners.GoogleTestRunner - Short Description: As defined by Investopedia, it is a “process through which a business seeks to ensure that product quality is maintained or improved and manufacturing errors ...
18:22:07.370 [Test worker] INFO  runners.GoogleTestRunner - Website Title: Quality Assurance (QA), Quality Control and Testing | AltexSoft
18:22:07.370 [Test worker] INFO  runners.GoogleTestRunner - Website Url: https://www.altexsoft.com 
18:22:07.371 [Test worker] INFO  runners.GoogleTestRunner - Short Description: Quality assurance is a broad process for preventing quality failures. The QA team is involved in all stages of a product's development: production, testing, ...
18:22:07.371 [Test worker] INFO  runners.GoogleTestRunner - Website Title: What Is Quality Assurance? | Definition and Overview
18:22:07.372 [Test worker] INFO  runners.GoogleTestRunner - Website Url: https://www.productplan.com 
18:22:07.372 [Test worker] INFO  runners.GoogleTestRunner - Short Description: No description available.
]]></system-out>
  <system-err><![CDATA[1649521304809	geckodriver	INFO	Listening on 127.0.0.1:54123
1649521305083	mozrunner::runner	INFO	Running command: "/usr/bin/firefox" "--marionette" "--disable-extensions" "--ignore-certificate-errors" "--disable-infobars" "--disable-gpu" "--remote-debugging-port" "41782" "-no-remote" "-profile" "/tmp/rust_mozprofileQVi9es"
1649521305591	Marionette	INFO	Marionette enabled
console.warn: SearchSettings: "get: No settings file exists, new profile?" (new NotFoundError("Could not open the file at /tmp/rust_mozprofileQVi9es/search.json.mozlz4", (void 0)))
DevTools listening on ws://localhost:41782/devtools/browser/b94420fb-c6a1-488d-aa3a-49b2825ae138
1649521308071	Marionette	INFO	Listening on port 45499
Apr 09, 2022 6:21:48 PM org.openqa.selenium.remote.ProtocolHandshake createSession
INFO: Detected dialect: W3C
console.warn: LoginRecipes: "getRecipes: falling back to a synchronous message for:" "https://www.google.com"
1649521315685	Marionette	INFO	Stopped listening on port 45499

###!!! [Parent][PImageBridgeParent] Error: RunMessage(msgname=PImageBridge::Msg_WillClose) Channel closing: too late to send/recv, messages will be lost

1649521316319	geckodriver	INFO	Listening on 127.0.0.1:40971
1649521316367	mozrunner::runner	INFO	Running command: "/usr/bin/firefox" "--marionette" "--disable-extensions" "--ignore-certificate-errors" "--disable-infobars" "--disable-gpu" "--remote-debugging-port" "38139" "-no-remote" "-profile" "/tmp/rust_mozprofileyso5Um"
1649521316948	Marionette	INFO	Marionette enabled
console.warn: SearchSettings: "get: No settings file exists, new profile?" (new NotFoundError("Could not open the file at /tmp/rust_mozprofileyso5Um/search.json.mozlz4", (void 0)))
DevTools listening on ws://localhost:38139/devtools/browser/5d3de5e6-bbb2-4d70-a05e-01e8aaa7f6f1
1649521319229	Marionette	INFO	Listening on port 41363
Apr 09, 2022 6:21:59 PM org.openqa.selenium.remote.ProtocolHandshake createSession
INFO: Detected dialect: W3C
console.warn: LoginRecipes: "getRecipes: falling back to a synchronous message for:" "https://www.google.com"
1649521327391	Marionette	INFO	Stopped listening on port 41363

###!!! [Parent][PImageBridgeParent] Error: RunMessage(msgname=PImageBridge::Msg_WillClose) Channel closing: too late to send/recv, messages will be lost

]]></system-err>
</testsuite>
